Processing product ID: 7 - 2025-09-02 07:03:46

Aren Attributes: 
[
    [
        {
            "name": "Kolor",
            "option": "Denim"
        },
        {
            "name": "Rozmiar",
            "option": "65J"
        }
    ]
] - 2025-09-02 07:03:46

Aren Variations: 
[
    {
        "sku": "AVABI1160#DEN#65J",
        "regular_price": "22.3366",
        "manage_stock": true,
        "stock_quantity": 1,
        "attributes": [
            {
                "name": "Size",
                "option": "65J"
            },
            {
                "name": "Color",
                "option": "Denim"
            }
        ],
        "meta_data": [
            {
                "key": "_price_value",
                "value": "0"
            },
            {
                "key": "_price_modifier",
                "value": "+"
            },
            {
                "key": "_default_price_netto",
                "value": "43.7967"
            }
        ]
    }
] - 2025-09-02 07:03:46

Creating new product - 2025-09-02 07:03:46

WooCommerce API error creating variation for product 154: Error: Invalid or duplicated SKU. [product_invalid_sku] - 2025-09-02 07:03:50

Successfully imported product ID: 7 - 2025-09-02 07:03:50

